<?xml version="1.0" encoding="UTF-8"?>
<!-- Generated by org.testng.reporters.JUnitXMLReporter -->
<testsuite hostname="LAPTOP-D2GVCL39" ignored="0" name="Default test" tests="1" failures="1" timestamp="2022-12-06T20:49:04 IST" time="16.393" errors="0">
  <testcase name="brockenLinkMethod" time="16.304" classname="brockenlink.BrockenLinkClass6">
    <failure type="java.lang.AssertionError" message="The following asserts failed:
	Links = https://demoqa.com/bad-request is brocken with status code = 400 Response message = Bad Request expected [true] but found [false],
	Links = https://demoqa.com/unauthorized is brocken with status code = 401 Response message = Unauthorized expected [true] but found [false],
	Links = https://demoqa.com/forbidden is brocken with status code = 403 Response message = Forbidden expected [true] but found [false],
	Links = https://demoqa.com/invalid-url is brocken with status code = 404 Response message = Not Found expected [true] but found [false]">
      <![CDATA[java.lang.AssertionError: The following asserts failed:
Links = https://demoqa.com/bad-request is brocken with status code = 400 Response message = Bad Request expected [true] but found [false],
Links = https://demoqa.com/unauthorized is brocken with status code = 401 Response message = Unauthorized expected [true] but found [false],
Links = https://demoqa.com/forbidden is brocken with status code = 403 Response message = Forbidden expected [true] but found [false],
Links = https://demoqa.com/invalid-url is brocken with status code = 404 Response message = Not Found expected [true] but found [false]
at org.testng.asserts.SoftAssert.assertAll(SoftAssert.java:47)
at org.testng.asserts.SoftAssert.assertAll(SoftAssert.java:31)
at brockenlink.BrockenLinkClass6.brockenLinkMethod(BrockenLinkClass6.java:48)
at sun.reflect.NativeMethodAccessorImpl.invoke0(Native Method)
at sun.reflect.NativeMethodAccessorImpl.invoke(Unknown Source)
at sun.reflect.DelegatingMethodAccessorImpl.invoke(Unknown Source)
at java.lang.reflect.Method.invoke(Unknown Source)
at org.testng.internal.MethodInvocationHelper.invokeMethod(MethodInvocationHelper.java:132)
at org.testng.internal.TestInvoker.invokeMethod(TestInvoker.java:599)
at org.testng.internal.TestInvoker.invokeTestMethod(TestInvoker.java:174)
at org.testng.internal.MethodRunner.runInSequence(MethodRunner.java:46)
at org.testng.internal.TestInvoker$MethodInvocationAgent.invoke(TestInvoker.java:822)
at org.testng.internal.TestInvoker.invokeTestMethods(TestInvoker.java:147)
at org.testng.internal.TestMethodWorker.invokeTestMethods(TestMethodWorker.java:146)
at org.testng.internal.TestMethodWorker.run(TestMethodWorker.java:128)
at java.util.ArrayList.forEach(Unknown Source)
at org.testng.TestRunner.privateRun(TestRunner.java:764)
at org.testng.TestRunner.run(TestRunner.java:585)
at org.testng.SuiteRunner.runTest(SuiteRunner.java:384)
at org.testng.SuiteRunner.runSequentially(SuiteRunner.java:378)
at org.testng.SuiteRunner.privateRun(SuiteRunner.java:337)
at org.testng.SuiteRunner.run(SuiteRunner.java:286)
at org.testng.SuiteRunnerWorker.runSuite(SuiteRunnerWorker.java:53)
at org.testng.SuiteRunnerWorker.run(SuiteRunnerWorker.java:96)
at org.testng.TestNG.runSuitesSequentially(TestNG.java:1218)
at org.testng.TestNG.runSuitesLocally(TestNG.java:1140)
at org.testng.TestNG.runSuites(TestNG.java:1069)
at org.testng.TestNG.run(TestNG.java:1037)
at org.testng.remote.AbstractRemoteTestNG.run(AbstractRemoteTestNG.java:115)
at org.testng.remote.RemoteTestNG.initAndRun(RemoteTestNG.java:251)
at org.testng.remote.RemoteTestNG.main(RemoteTestNG.java:77)
]]>
    </failure>
  </testcase> <!-- brockenLinkMethod -->
</testsuite> <!-- Default test -->
